<?xml version="1.0" encoding="UTF-8"?>
<robot generator="Robot 6.0.2 (Python 3.9.0 on win32)" generated="20230323 16:44:23.761" rpa="false" schemaversion="3">
<suite id="s1" name="Upload" source="C:\Users\KloverCloud\PycharmProjects\project\WebBots\instagram\Resources\upload.robot">
<test id="s1-t1" name="Test for Upload" line="27">
<kw name="Open Browser" library="SeleniumLibrary">
<arg>https://the-internet.herokuapp.com/upload</arg>
<arg>chrome</arg>
<doc>Opens a new browser instance to the optional ``url``.</doc>
<msg timestamp="20230323 16:44:23.924" level="INFO">Opening browser 'chrome' to base url 'https://the-internet.herokuapp.com/upload'.</msg>
<status status="PASS" starttime="20230323 16:44:23.924" endtime="20230323 16:44:30.637"/>
</kw>
<kw name="Sleep" library="BuiltIn">
<arg>4</arg>
<doc>Pauses the test executed for the given time.</doc>
<msg timestamp="20230323 16:44:34.643" level="INFO">Slept 4 seconds</msg>
<status status="PASS" starttime="20230323 16:44:30.637" endtime="20230323 16:44:34.643"/>
</kw>
<kw name="Upload file">
<kw name="Wait Until Page Contains Element" library="SeleniumLibrary">
<arg>${UploadFiletest}</arg>
<arg>10s</arg>
<doc>Waits until the element ``locator`` appears on the current page.</doc>
<status status="PASS" starttime="20230323 16:44:34.644" endtime="20230323 16:44:34.664"/>
</kw>
<kw name="Click Element" library="SeleniumLibrary">
<arg>${UploadFiletest}</arg>
<doc>Click the element identified by ``locator``.</doc>
<msg timestamp="20230323 16:44:34.664" level="INFO">Clicking element 'xpath=//input[@id='file-upload']'.</msg>
<msg timestamp="20230323 16:44:34.784" level="INFO" html="true">&lt;/td&gt;&lt;/tr&gt;&lt;tr&gt;&lt;td colspan="3"&gt;&lt;a href="selenium-screenshot-29.png"&gt;&lt;img src="selenium-screenshot-29.png" width="800px"&gt;&lt;/a&gt;</msg>
<msg timestamp="20230323 16:44:34.784" level="FAIL">InvalidArgumentException: Message: invalid argument
  (Session info: chrome=111.0.5563.110)
Stacktrace:
Backtrace:
	(No symbol) [0x009C37D3]
	(No symbol) [0x00958B81]
	(No symbol) [0x0085B230]
	(No symbol) [0x00883C66]
	(No symbol) [0x008AB41C]
	(No symbol) [0x00882B96]
	(No symbol) [0x008AB774]
	(No symbol) [0x008C1215]
	(No symbol) [0x008AB216]
	(No symbol) [0x00880D97]
	(No symbol) [0x0088253D]
	GetHandleVerifier [0x00C3ABF2+2510930]
	GetHandleVerifier [0x00C68EC1+2700065]
	GetHandleVerifier [0x00C6C86C+2714828]
	GetHandleVerifier [0x00A73480+645344]
	(No symbol) [0x00960FD2]
	(No symbol) [0x00966C68]
	(No symbol) [0x00966D4B]
	(No symbol) [0x00970D6B]
	BaseThreadInitThunk [0x75367D69+25]
	RtlInitializeExceptionChain [0x76F1B74B+107]
	RtlClearBits [0x76F1B6CF+191]
</msg>
<status status="FAIL" starttime="20230323 16:44:34.664" endtime="20230323 16:44:34.784"/>
</kw>
<kw name="Sleep" library="BuiltIn">
<arg>2</arg>
<doc>Pauses the test executed for the given time.</doc>
<status status="NOT RUN" starttime="20230323 16:44:34.784" endtime="20230323 16:44:34.784"/>
</kw>
<kw name="Choose File" library="SeleniumLibrary">
<arg>${UploadFiletest}</arg>
<arg>${AddFile}</arg>
<doc>Inputs the ``file_path`` into the file input field ``locator``.</doc>
<status status="NOT RUN" starttime="20230323 16:44:34.784" endtime="20230323 16:44:34.784"/>
</kw>
<kw name="Sleep" library="BuiltIn">
<arg>2</arg>
<doc>Pauses the test executed for the given time.</doc>
<status status="NOT RUN" starttime="20230323 16:44:34.784" endtime="20230323 16:44:34.784"/>
</kw>
<status status="FAIL" starttime="20230323 16:44:34.644" endtime="20230323 16:44:34.784"/>
</kw>
<status status="FAIL" starttime="20230323 16:44:23.924" endtime="20230323 16:44:34.784">InvalidArgumentException: Message: invalid argument
  (Session info: chrome=111.0.5563.110)
Stacktrace:
Backtrace:
	(No symbol) [0x009C37D3]
	(No symbol) [0x00958B81]
	(No symbol) [0x0085B230]
	(No symbol) [0x00883C66]
	(No symbol) [0x008AB41C]
	(No symbol) [0x00882B96]
	(No symbol) [0x008AB774]
	(No symbol) [0x008C1215]
	(No symbol) [0x008AB216]
	(No symbol) [0x00880D97]
	(No symbol) [0x0088253D]
	GetHandleVerifier [0x00C3ABF2+2510930]
	GetHandleVerifier [0x00C68EC1+2700065]
	GetHandleVerifier [0x00C6C86C+2714828]
	GetHandleVerifier [0x00A73480+645344]
	(No symbol) [0x00960FD2]
	(No symbol) [0x00966C68]
	(No symbol) [0x00966D4B]
	(No symbol) [0x00970D6B]
	BaseThreadInitThunk [0x75367D69+25]
	RtlInitializeExceptionChain [0x76F1B74B+107]
	RtlClearBits [0x76F1B6CF+191]
</status>
</test>
<status status="FAIL" starttime="20230323 16:44:23.764" endtime="20230323 16:44:34.784"/>
</suite>
<statistics>
<total>
<stat pass="0" fail="1" skip="0">All Tests</stat>
</total>
<tag>
</tag>
<suite>
<stat pass="0" fail="1" skip="0" id="s1" name="Upload">Upload</stat>
</suite>
</statistics>
<errors>
</errors>
</robot>
